[debug] [2021-09-19T15:18:47.976Z] ----------------------------------------------------------------------
[debug] [2021-09-19T15:18:47.977Z] Command:       C:\Program Files (x86)\nodejs\node.exe C:\Users\R5-PC02\AppData\Roaming\npm\node_modules\firebase-tools\lib\bin\firebase.js init
[debug] [2021-09-19T15:18:47.977Z] CLI Version:   9.18.0
[debug] [2021-09-19T15:18:47.977Z] Platform:      win32
[debug] [2021-09-19T15:18:47.977Z] Node Version:  v12.13.1
[debug] [2021-09-19T15:18:47.978Z] Time:          Sun Sep 19 2021 20:18:47 GMT+0500 (Pakistan Standard Time)
[debug] [2021-09-19T15:18:47.978Z] ----------------------------------------------------------------------
[debug] 
[debug] [2021-09-19T15:18:48.024Z] > command requires scopes: ["email","openid","https://www.googleapis.com/auth/cloudplatformprojects.readonly","https://www.googleapis.com/auth/firebase","https://www.googleapis.com/auth/cloud-platform"]
[debug] [2021-09-19T15:18:48.024Z] > authorizing via signed-in user (muhammadtalha2715@gmail.com)
[info] 
     ######## #### ########  ######## ########     ###     ######  ########
     ##        ##  ##     ## ##       ##     ##  ##   ##  ##       ##
     ######    ##  ########  ######   ########  #########  ######  ######
     ##        ##  ##    ##  ##       ##     ## ##     ##       ## ##
     ##       #### ##     ## ######## ########  ##     ##  ######  ########

You're about to initialize a Firebase project in this directory:

  C:\Users\R5-PC02

Before we get started, keep in mind:

  * You are initializing within an existing Firebase project directory

[info] 
=== Project Setup
[info] 
[info] First, let's associate this project directory with a Firebase project.
[info] You can create multiple project aliases by running firebase use --add, 
[info] but for now we'll just set up a default project.
[info] 
[info] i  .firebaserc already has a default project, using fir-auth-31db2. 
[debug] [2021-09-19T15:18:55.001Z] >>> [apiv2][query] GET https://firebase.googleapis.com/v1beta1/projects/fir-auth-31db2 [none]
[debug] [2021-09-19T15:18:55.586Z] <<< [apiv2][status] GET https://firebase.googleapis.com/v1beta1/projects/fir-auth-31db2 403
[debug] [2021-09-19T15:18:55.587Z] <<< [apiv2][body] GET https://firebase.googleapis.com/v1beta1/projects/fir-auth-31db2 {"error":{"code":403,"message":"The caller does not have permission","status":"PERMISSION_DENIED"}}
[debug] [2021-09-19T15:18:55.587Z] HTTP Error: 403, The caller does not have permission
[debug] [2021-09-19T15:18:55.896Z] FirebaseError: HTTP Error: 403, The caller does not have permission
    at module.exports (C:\Users\R5-PC02\AppData\Roaming\npm\node_modules\firebase-tools\lib\responseToError.js:38:12)
    at Client.doRequest (C:\Users\R5-PC02\AppData\Roaming\npm\node_modules\firebase-tools\lib\apiv2.js:238:23)
    at processTicksAndRejections (internal/process/task_queues.js:93:5)
    at async Client.request (C:\Users\R5-PC02\AppData\Roaming\npm\node_modules\firebase-tools\lib\apiv2.js:96:20)
    at async Object.getFirebaseProject (C:\Users\R5-PC02\AppData\Roaming\npm\node_modules\firebase-tools\lib\management\projects.js:290:21)
    at async Object.doSetup [as project] (C:\Users\R5-PC02\AppData\Roaming\npm\node_modules\firebase-tools\lib\init\features\project.js:77:27)
    at async init (C:\Users\R5-PC02\AppData\Roaming\npm\node_modules\firebase-tools\lib\init\index.js:19:9)
[error] 
[error] Error: Failed to get Firebase project fir-auth-31db2. Please make sure the project exists and your account has permission to access it.
